This is pdfTeX, Version 3.14159265-2.6-1.40.19 (MiKTeX 2.9.6840 64-bit) (preloaded format=pdflatex 2018.11.12)  16 JAN 2019 12:34
entering extended mode
**./report.tex
(report.tex
LaTeX2e <2018-04-01> patch level 5
(vgtc.cls
Document Class: vgtc 2006/05/21 IEEE VGTC

("D:\Users\Alessandro\AppData\Local\Programs\MiKTeX 2.9\tex\latex\base\article.
cls"
Document Class: article 2014/09/29 v1.4h Standard LaTeX document class

("D:\Users\Alessandro\AppData\Local\Programs\MiKTeX 2.9\tex\latex\base\size10.c
lo"
File: size10.clo 2014/09/29 v1.4h Standard LaTeX file (size option)
)
\c@part=\count80
\c@section=\count81
\c@subsection=\count82
\c@subsubsection=\count83
\c@paragraph=\count84
\c@subparagraph=\count85
\c@figure=\count86
\c@table=\count87
\abovecaptionskip=\skip41
\belowcaptionskip=\skip42
\bibindent=\dimen102
)
\captionmargin=\skip43
\bibindent=\dimen103
\bibspacing=\dimen104
\titlespace=\skip44
\teaserspace=\skip45
\abstxtspace=\skip46
\vgtc@copyrightlength=\skip47
)
("D:\Users\Alessandro\AppData\Local\Programs\MiKTeX 2.9\tex\latex\psnfss\mathpt
mx.sty"
Package: mathptmx 2005/04/12 PSNFSS-v9.2a Times w/ Math, improved (SPQR, WaS) 
LaTeX Font Info:    Redeclaring symbol font `operators' on input line 28.
LaTeX Font Info:    Overwriting symbol font `operators' in version `normal'
(Font)                  OT1/cmr/m/n --> OT1/ztmcm/m/n on input line 28.
LaTeX Font Info:    Overwriting symbol font `operators' in version `bold'
(Font)                  OT1/cmr/bx/n --> OT1/ztmcm/m/n on input line 28.
LaTeX Font Info:    Redeclaring symbol font `letters' on input line 29.
LaTeX Font Info:    Overwriting symbol font `letters' in version `normal'
(Font)                  OML/cmm/m/it --> OML/ztmcm/m/it on input line 29.
LaTeX Font Info:    Overwriting symbol font `letters' in version `bold'
(Font)                  OML/cmm/b/it --> OML/ztmcm/m/it on input line 29.
LaTeX Font Info:    Redeclaring symbol font `symbols' on input line 30.
LaTeX Font Info:    Overwriting symbol font `symbols' in version `normal'
(Font)                  OMS/cmsy/m/n --> OMS/ztmcm/m/n on input line 30.
LaTeX Font Info:    Overwriting symbol font `symbols' in version `bold'
(Font)                  OMS/cmsy/b/n --> OMS/ztmcm/m/n on input line 30.
LaTeX Font Info:    Redeclaring symbol font `largesymbols' on input line 31.
LaTeX Font Info:    Overwriting symbol font `largesymbols' in version `normal'
(Font)                  OMX/cmex/m/n --> OMX/ztmcm/m/n on input line 31.
LaTeX Font Info:    Overwriting symbol font `largesymbols' in version `bold'
(Font)                  OMX/cmex/m/n --> OMX/ztmcm/m/n on input line 31.
\symbold=\mathgroup4
\symitalic=\mathgroup5
LaTeX Font Info:    Redeclaring math alphabet \mathbf on input line 34.
LaTeX Font Info:    Overwriting math alphabet `\mathbf' in version `normal'
(Font)                  OT1/cmr/bx/n --> OT1/ptm/bx/n on input line 34.
LaTeX Font Info:    Overwriting math alphabet `\mathbf' in version `bold'
(Font)                  OT1/cmr/bx/n --> OT1/ptm/bx/n on input line 34.
LaTeX Font Info:    Redeclaring math alphabet \mathit on input line 35.
LaTeX Font Info:    Overwriting math alphabet `\mathit' in version `normal'
(Font)                  OT1/cmr/m/it --> OT1/ptm/m/it on input line 35.
LaTeX Font Info:    Overwriting math alphabet `\mathit' in version `bold'
(Font)                  OT1/cmr/bx/it --> OT1/ptm/m/it on input line 35.
LaTeX Info: Redefining \hbar on input line 50.
)
("D:\Users\Alessandro\AppData\Local\Programs\MiKTeX 2.9\tex\latex\graphics\grap
hicx.sty"
Package: graphicx 2017/06/01 v1.1a Enhanced LaTeX Graphics (DPC,SPQR)

("D:\Users\Alessandro\AppData\Local\Programs\MiKTeX 2.9\tex\latex\graphics\keyv
al.sty"
Package: keyval 2014/10/28 v1.15 key=value parser (DPC)
\KV@toks@=\toks14
)
("D:\Users\Alessandro\AppData\Local\Programs\MiKTeX 2.9\tex\latex\graphics\grap
hics.sty"
Package: graphics 2017/06/25 v1.2c Standard LaTeX Graphics (DPC,SPQR)

("D:\Users\Alessandro\AppData\Local\Programs\MiKTeX 2.9\tex\latex\graphics\trig
.sty"
Package: trig 2016/01/03 v1.10 sin cos tan (DPC)
)
("D:\Users\Alessandro\AppData\Local\Programs\MiKTeX 2.9\tex\latex\graphics-cfg\
graphics.cfg"
File: graphics.cfg 2016/06/04 v1.11 sample graphics configuration
)
Package graphics Info: Driver file: pdftex.def on input line 99.

("D:\Users\Alessandro\AppData\Local\Programs\MiKTeX 2.9\tex\latex\graphics-def\
pdftex.def"
File: pdftex.def 2018/01/08 v1.0l Graphics/color driver for pdftex
))
\Gin@req@height=\dimen105
\Gin@req@width=\dimen106
)
("D:\Users\Alessandro\AppData\Local\Programs\MiKTeX 2.9\tex\latex\psnfss\times.
sty"
Package: times 2005/04/12 PSNFSS-v9.2a (SPQR) 
)
("D:\Users\Alessandro\AppData\Local\Programs\MiKTeX 2.9\tex\latex\float\float.s
ty"
Package: float 2001/11/08 v1.3d Float enhancements (AL)
\c@float@type=\count88
\float@exts=\toks15
\float@box=\box26
\@float@everytoks=\toks16
\@floatcapt=\box27
)
("D:\Users\Alessandro\AppData\Local\Programs\MiKTeX 2.9\tex\latex\hyperref\hype
rref.sty"
Package: hyperref 2018/09/30 v6.88a Hypertext links for LaTeX

("D:\Users\Alessandro\AppData\Local\Programs\MiKTeX 2.9\tex\generic\oberdiek\ho
bsub-hyperref.sty"
Package: hobsub-hyperref 2016/05/16 v1.14 Bundle oberdiek, subset hyperref (HO)


("D:\Users\Alessandro\AppData\Local\Programs\MiKTeX 2.9\tex\generic\oberdiek\ho
bsub-generic.sty"
Package: hobsub-generic 2016/05/16 v1.14 Bundle oberdiek, subset generic (HO)
Package: hobsub 2016/05/16 v1.14 Construct package bundles (HO)
Package: infwarerr 2016/05/16 v1.4 Providing info/warning/error messages (HO)
Package: ltxcmds 2016/05/16 v1.23 LaTeX kernel commands for general use (HO)
Package: ifluatex 2016/05/16 v1.4 Provides the ifluatex switch (HO)
Package ifluatex Info: LuaTeX not detected.
Package: ifvtex 2016/05/16 v1.6 Detect VTeX and its facilities (HO)
Package ifvtex Info: VTeX not detected.
Package: intcalc 2016/05/16 v1.2 Expandable calculations with integers (HO)
Package: ifpdf 2018/09/07 v3.3 Provides the ifpdf switch
Package: etexcmds 2016/05/16 v1.6 Avoid name clashes with e-TeX commands (HO)
Package etexcmds Info: Could not find \expanded.
(etexcmds)             That can mean that you are not using pdfTeX 1.50 or
(etexcmds)             that some package has redefined \expanded.
(etexcmds)             In the latter case, load this package earlier.
Package: kvsetkeys 2016/05/16 v1.17 Key value parser (HO)
Package: kvdefinekeys 2016/05/16 v1.4 Define keys (HO)
Package: pdftexcmds 2018/09/10 v0.29 Utility functions of pdfTeX for LuaTeX (HO
)
Package pdftexcmds Info: LuaTeX not detected.
Package pdftexcmds Info: \pdf@primitive is available.
Package pdftexcmds Info: \pdf@ifprimitive is available.
Package pdftexcmds Info: \pdfdraftmode found.
Package: pdfescape 2016/05/16 v1.14 Implements pdfTeX's escape features (HO)
Package: bigintcalc 2016/05/16 v1.4 Expandable calculations on big integers (HO
)
Package: bitset 2016/05/16 v1.2 Handle bit-vector datatype (HO)
Package: uniquecounter 2016/05/16 v1.3 Provide unlimited unique counter (HO)
)
Package hobsub Info: Skipping package `hobsub' (already loaded).
Package: letltxmacro 2016/05/16 v1.5 Let assignment for LaTeX macros (HO)
Package: hopatch 2016/05/16 v1.3 Wrapper for package hooks (HO)
Package: xcolor-patch 2016/05/16 xcolor patch
Package: atveryend 2016/05/16 v1.9 Hooks at the very end of document (HO)
Package atveryend Info: \enddocument detected (standard20110627).
Package: atbegshi 2016/06/09 v1.18 At begin shipout hook (HO)
Package: refcount 2016/05/16 v3.5 Data extraction from label references (HO)
Package: hycolor 2016/05/16 v1.8 Color options for hyperref/bookmark (HO)
)
("D:\Users\Alessandro\AppData\Local\Programs\MiKTeX 2.9\tex\generic\ifxetex\ifx
etex.sty"
Package: ifxetex 2010/09/12 v0.6 Provides ifxetex conditional
)
("D:\Users\Alessandro\AppData\Local\Programs\MiKTeX 2.9\tex\latex\oberdiek\auxh
ook.sty"
Package: auxhook 2016/05/16 v1.4 Hooks for auxiliary files (HO)
)
("D:\Users\Alessandro\AppData\Local\Programs\MiKTeX 2.9\tex\latex\oberdiek\kvop
tions.sty"
Package: kvoptions 2016/05/16 v3.12 Key value format for package options (HO)
)
\@linkdim=\dimen107
\Hy@linkcounter=\count89
\Hy@pagecounter=\count90

("D:\Users\Alessandro\AppData\Local\Programs\MiKTeX 2.9\tex\latex\hyperref\pd1e
nc.def"
File: pd1enc.def 2018/09/30 v6.88a Hyperref: PDFDocEncoding definition (HO)
Now handling font encoding PD1 ...
... no UTF-8 mapping file for font encoding PD1
)
\Hy@SavedSpaceFactor=\count91

("D:\Users\Alessandro\AppData\Local\Programs\MiKTeX 2.9\tex\latex\00miktex\hype
rref.cfg"
File: hyperref.cfg 2002/06/06 v1.2 hyperref configuration of TeXLive
)
Package hyperref Info: Option `bookmarks' set `true' on input line 4409.


Package hyperref Warning: Unexpected value `true'
(hyperref)                of option `backref' instead of
(hyperref)                `section', `slide', `page', `none',
(hyperref)                or `false' on input line 4409.

Package hyperref Info: Hyper figures OFF on input line 4535.
Package hyperref Info: Link nesting OFF on input line 4540.
Package hyperref Info: Hyper index ON on input line 4543.
Package hyperref Info: Plain pages OFF on input line 4550.
Package hyperref Info: Backreferencing OFF on input line 4555.
Package hyperref Info: Implicit mode ON; LaTeX internals redefined.
Package hyperref Info: Bookmarks ON on input line 4788.
\c@Hy@tempcnt=\count92
("D:\Users\Alessandro\AppData\Local\Programs\MiKTeX 2.9\tex\latex\url\url.sty"
\Urlmuskip=\muskip10
Package: url 2013/09/16  ver 3.4  Verb mode for urls, etc.
)
LaTeX Info: Redefining \url on input line 5141.
\XeTeXLinkMargin=\dimen108
\Fld@menulength=\count93
\Field@Width=\dimen109
\Fld@charsize=\dimen110
Package hyperref Info: Hyper figures OFF on input line 6396.
Package hyperref Info: Link nesting OFF on input line 6401.
Package hyperref Info: Hyper index ON on input line 6404.
Package hyperref Info: backreferencing OFF on input line 6411.
Package hyperref Info: Link coloring OFF on input line 6416.
Package hyperref Info: Link coloring with OCG OFF on input line 6421.
Package hyperref Info: PDF/A mode OFF on input line 6426.
LaTeX Info: Redefining \ref on input line 6466.
LaTeX Info: Redefining \pageref on input line 6470.
\Hy@abspage=\count94
\c@Item=\count95
\c@Hfootnote=\count96
)
Package hyperref Info: Driver (autodetected): hpdftex.

("D:\Users\Alessandro\AppData\Local\Programs\MiKTeX 2.9\tex\latex\hyperref\hpdf
tex.def"
File: hpdftex.def 2018/09/30 v6.88a Hyperref driver for pdfTeX
\Fld@listcount=\count97
\c@bookmark@seq@number=\count98

("D:\Users\Alessandro\AppData\Local\Programs\MiKTeX 2.9\tex\latex\oberdiek\reru
nfilecheck.sty"
Package: rerunfilecheck 2016/05/16 v1.8 Rerun checks for auxiliary files (HO)
Package uniquecounter Info: New unique counter `rerunfilecheck' on input line 2
82.
)
\Hy@SectionHShift=\skip48
)
Package hyperref Info: Option `colorlinks' set `true' on input line 53.
Package hyperref Info: Option `pageanchor' set `true' on input line 53.
Package hyperref Info: Option `plainpages' set `false' on input line 53.
Package hyperref Info: Option `linktocpage' set `true' on input line 53.

("D:\Users\Alessandro\AppData\Local\Programs\MiKTeX 2.9\tex\latex\breakurl\brea
kurl.sty"
Package: breakurl 2013/04/10 v1.40 Breakable hyperref URLs

("D:\Users\Alessandro\AppData\Local\Programs\MiKTeX 2.9\tex\latex\xkeyval\xkeyv
al.sty"
Package: xkeyval 2014/12/03 v2.7a package option processing (HA)

("D:\Users\Alessandro\AppData\Local\Programs\MiKTeX 2.9\tex\generic\xkeyval\xke
yval.tex"
("D:\Users\Alessandro\AppData\Local\Programs\MiKTeX 2.9\tex\generic\xkeyval\xkv
utils.tex"
\XKV@toks=\toks17
\XKV@tempa@toks=\toks18
)
\XKV@depth=\count99
File: xkeyval.tex 2014/12/03 v2.7a key=value parser (HA)
))

Package breakurl Warning: You are using breakurl while processing via pdflatex.

(breakurl)                \burl will be just a synonym of \url.
(breakurl)                 on input line 48.

) (report.aux

LaTeX Warning: Label `mbostock' multiply defined.


LaTeX Warning: Label `mbostock' multiply defined.


LaTeX Warning: Label `mbostock' multiply defined.


LaTeX Warning: Label `mbostock' multiply defined.


LaTeX Warning: Label `mbostock' multiply defined.

)
\openout1 = `report.aux'.

LaTeX Font Info:    Checking defaults for OML/cmm/m/it on input line 90.
LaTeX Font Info:    ... okay on input line 90.
LaTeX Font Info:    Checking defaults for T1/cmr/m/n on input line 90.
LaTeX Font Info:    ... okay on input line 90.
LaTeX Font Info:    Checking defaults for OT1/cmr/m/n on input line 90.
LaTeX Font Info:    ... okay on input line 90.
LaTeX Font Info:    Checking defaults for OMS/cmsy/m/n on input line 90.
LaTeX Font Info:    ... okay on input line 90.
LaTeX Font Info:    Checking defaults for OMX/cmex/m/n on input line 90.
LaTeX Font Info:    ... okay on input line 90.
LaTeX Font Info:    Checking defaults for U/cmr/m/n on input line 90.
LaTeX Font Info:    ... okay on input line 90.
LaTeX Font Info:    Checking defaults for PD1/pdf/m/n on input line 90.
LaTeX Font Info:    ... okay on input line 90.
LaTeX Font Info:    Try loading font information for OT1+ptm on input line 90.

("D:\Users\Alessandro\AppData\Local\Programs\MiKTeX 2.9\tex\latex\psnfss\ot1ptm
.fd"
File: ot1ptm.fd 2001/06/04 font definitions for OT1/ptm.
)
\big@size=\dimen111

("D:\Users\Alessandro\AppData\Local\Programs\MiKTeX 2.9\tex\context\base\supp-p
df.mkii"
[Loading MPS to PDF converter (version 2006.09.02).]
\scratchcounter=\count100
\scratchdimen=\dimen112
\scratchbox=\box28
\nofMPsegments=\count101
\nofMParguments=\count102
\everyMPshowfont=\toks19
\MPscratchCnt=\count103
\MPscratchDim=\dimen113
\MPnumerator=\count104
\makeMPintoPDFobject=\count105
\everyMPtoPDFconversion=\toks20
)
("D:\Users\Alessandro\AppData\Local\Programs\MiKTeX 2.9\tex\latex\oberdiek\epst
opdf-base.sty"
Package: epstopdf-base 2016/05/15 v2.6 Base part for package epstopdf

("D:\Users\Alessandro\AppData\Local\Programs\MiKTeX 2.9\tex\latex\oberdiek\grfe
xt.sty"
Package: grfext 2016/05/16 v1.2 Manage graphics extensions (HO)
)
Package epstopdf-base Info: Redefining graphics rule for `.eps' on input line 4
38.
Package grfext Info: Graphics extension search list:
(grfext)             [.pdf,.png,.jpg,.mps,.jpeg,.jbig2,.jb2,.PDF,.PNG,.JPG,.JPE
G,.JBIG2,.JB2,.eps]
(grfext)             \AppendGraphicsExtensions on input line 456.
)
\AtBeginShipoutBox=\box29

("D:\Users\Alessandro\AppData\Local\Programs\MiKTeX 2.9\tex\latex\graphics\colo
r.sty"
Package: color 2016/07/10 v1.1e Standard LaTeX Color (DPC)

("D:\Users\Alessandro\AppData\Local\Programs\MiKTeX 2.9\tex\latex\graphics-cfg\
color.cfg"
File: color.cfg 2016/01/02 v1.6 sample color configuration
)
Package color Info: Driver file: pdftex.def on input line 147.
)
Package hyperref Info: Link coloring ON on input line 90.

("D:\Users\Alessandro\AppData\Local\Programs\MiKTeX 2.9\tex\latex\hyperref\name
ref.sty"
Package: nameref 2016/05/21 v2.44 Cross-referencing by name of section

("D:\Users\Alessandro\AppData\Local\Programs\MiKTeX 2.9\tex\generic\oberdiek\ge
ttitlestring.sty"
Package: gettitlestring 2016/05/16 v1.5 Cleanup title references (HO)
)
\c@section@level=\count106
)
LaTeX Info: Redefining \ref on input line 90.
LaTeX Info: Redefining \pageref on input line 90.
LaTeX Info: Redefining \nameref on input line 90.
 (report.out) (report.out)
\@outlinefile=\write3
\openout3 = `report.out'.

LaTeX Font Info:    Try loading font information for OT1+phv on input line 97.

("D:\Users\Alessandro\AppData\Local\Programs\MiKTeX 2.9\tex\latex\psnfss\ot1phv
.fd"
File: ot1phv.fd 2001/06/04 scalable font definitions for OT1/phv.
)
LaTeX Font Info:    Try loading font information for OT1+ztmcm on input line 97
.

("D:\Users\Alessandro\AppData\Local\Programs\MiKTeX 2.9\tex\latex\psnfss\ot1ztm
cm.fd"
File: ot1ztmcm.fd 2000/01/03 Fontinst v1.801 font definitions for OT1/ztmcm.
)
LaTeX Font Info:    Try loading font information for OML+ztmcm on input line 97
.

("D:\Users\Alessandro\AppData\Local\Programs\MiKTeX 2.9\tex\latex\psnfss\omlztm
cm.fd"
File: omlztmcm.fd 2000/01/03 Fontinst v1.801 font definitions for OML/ztmcm.
)
LaTeX Font Info:    Try loading font information for OMS+ztmcm on input line 97
.

("D:\Users\Alessandro\AppData\Local\Programs\MiKTeX 2.9\tex\latex\psnfss\omsztm
cm.fd"
File: omsztmcm.fd 2000/01/03 Fontinst v1.801 font definitions for OMS/ztmcm.
)
LaTeX Font Info:    Try loading font information for OMX+ztmcm on input line 97
.

("D:\Users\Alessandro\AppData\Local\Programs\MiKTeX 2.9\tex\latex\psnfss\omxztm
cm.fd"
File: omxztmcm.fd 2000/01/03 Fontinst v1.801 font definitions for OMX/ztmcm.
)
LaTeX Font Info:    Font shape `OT1/ptm/bx/n' in size <10> not available
(Font)              Font shape `OT1/ptm/b/n' tried instead on input line 97.
LaTeX Font Info:    Font shape `OT1/ptm/bx/n' in size <7.4> not available
(Font)              Font shape `OT1/ptm/b/n' tried instead on input line 97.
LaTeX Font Info:    Font shape `OT1/ptm/bx/n' in size <6> not available
(Font)              Font shape `OT1/ptm/b/n' tried instead on input line 97.
<view.png, id=59, 1428.83812pt x 724.20563pt>
File: view.png Graphic file (type png)
<use view.png>
Package pdftex.def Info: view.png  used on input line 97.
(pdftex.def)             Requested size: 455.24408pt x 230.73389pt.

Overfull \hbox (47.69846pt too wide) in paragraph at lines 97--97
 [] []  
 []

LaTeX Font Info:    Font shape `OT1/phv/bx/n' in size <8> not available
(Font)              Font shape `OT1/phv/b/n' tried instead on input line 97.
Package epstopdf Info: Source file: <diamondrule.eps>
(epstopdf)                    date: 2019-01-15 20:11:50
(epstopdf)                    size: 1684 bytes
(epstopdf)             Output file: <diamondrule-eps-converted-to.pdf>
(epstopdf)                    date: 2019-01-15 20:11:50
(epstopdf)                    size: 2547 bytes
(epstopdf)             Command: <epstopdf --outfile=diamondrule-eps-converted-t
o.pdf diamondrule.eps>
(epstopdf)             \includegraphics on input line 97.
Package epstopdf Info: Output file is already uptodate.
<diamondrule-eps-converted-to.pdf, id=61, 213.79875pt x 12.045pt>
File: diamondrule-eps-converted-to.pdf Graphic file (type pdf)
<use diamondrule-eps-converted-to.pdf>
Package pdftex.def Info: diamondrule-eps-converted-to.pdf  used on input line 9
7.
(pdftex.def)             Requested size: 213.79822pt x 12.04495pt.
LaTeX Font Info:    Font shape `OT1/phv/bx/n' in size <9> not available
(Font)              Font shape `OT1/phv/b/n' tried instead on input line 97.
LaTeX Font Info:    Font shape `OT1/phv/bx/sc' in size <9> not available
(Font)              Font shape `OT1/phv/b/sc' tried instead on input line 97.
LaTeX Font Info:    Try loading font information for OT1+pcr on input line 115.


("D:\Users\Alessandro\AppData\Local\Programs\MiKTeX 2.9\tex\latex\psnfss\ot1pcr
.fd"
File: ot1pcr.fd 2001/06/04 font definitions for OT1/pcr.
) [1{D:/Users/Alessandro/AppData/Local/MiKTeX/2.9/pdftex/config/pdftex.map}


 <./view.png> <./diamondrule-eps-converted-to.pdf>]
Underfull \hbox (badness 5756) in paragraph at lines 131--132
[]\OT1/pcr/m/n/9 played[]by[]year[]year.csv\OT1/ptm/m/n/9 : coun-try and num-be
r of
 []

LaTeX Font Info:    Font shape `OT1/ptm/bx/n' in size <9> not available
(Font)              Font shape `OT1/ptm/b/n' tried instead on input line 133.
LaTeX Font Info:    Font shape `OT1/ptm/bx/n' in size <7> not available
(Font)              Font shape `OT1/ptm/b/n' tried instead on input line 133.
LaTeX Font Info:    Font shape `OT1/ptm/bx/n' in size <5> not available
(Font)              Font shape `OT1/ptm/b/n' tried instead on input line 133.

Underfull \hbox (badness 7558) in paragraph at lines 144--145
\OT1/ptm/m/n/9 This crawled ver-sion of the dataset is stored in the file
 []

[2]
Underfull \hbox (badness 10000) in paragraph at lines 188--189
[]\OT1/ptm/m/n/9 From 1960 to 1999, among Ger-
 []


Underfull \hbox (badness 2922) in paragraph at lines 188--189
\OT1/ptm/m/n/9 many,Italy,France,Argentina,Brazil, the lat-ter has been the
 []

<mds.png, id=117, 712.91344pt x 344.03531pt>
File: mds.png Graphic file (type png)
<use mds.png>
Package pdftex.def Info: mds.png  used on input line 216.
(pdftex.def)             Requested size: 712.9117pt x 344.03447pt.
[3]
<explained-variance.png, id=132, 462.528pt x 346.896pt>
File: explained-variance.png Graphic file (type png)
<use explained-variance.png>
Package pdftex.def Info: explained-variance.png  used on input line 227.
(pdftex.def)             Requested size: 323.76738pt x 242.82553pt.
<average-inertia.png, id=133, 462.528pt x 346.896pt>
File: average-inertia.png Graphic file (type png)
<use average-inertia.png>
Package pdftex.def Info: average-inertia.png  used on input line 231.
(pdftex.def)             Requested size: 323.76738pt x 242.82553pt.

Underfull \vbox (badness 10000) has occurred while \output is active []


Underfull \hbox (badness 10000) in paragraph at lines 253--254
[]\OT1/ptm/m/it/8 https://www.kaggle.com/martj42/international-football-results
-from-
 []


Underfull \hbox (badness 10000) in paragraph at lines 256--257
[]\OT1/ptm/m/it/8 https://stats.stackexchange.com/questions/43099/how-to-explai
n-the-
 []

Package atveryend Info: Empty hook `BeforeClearDocument' on input line 267.
[4pdfTeX warning (ext4): destination with the same identifier (name{cite.mbosto
ck}) has been already used, duplicate ignored

\AtBegShi@Output ...ipout \box \AtBeginShipoutBox 
                                                  \fi \fi 
l.267 \end{document}
                    pdfTeX warning (ext4): destination with the same identifier
 (name{cite.mbostock}) has been already used, duplicate ignored

\AtBegShi@Output ...ipout \box \AtBeginShipoutBox 
                                                  \fi \fi 
l.267 \end{document}
                    pdfTeX warning (ext4): destination with the same identifier
 (name{cite.mbostock}) has been already used, duplicate ignored

\AtBegShi@Output ...ipout \box \AtBeginShipoutBox 
                                                  \fi \fi 
l.267 \end{document}
                    pdfTeX warning (ext4): destination with the same identifier
 (name{cite.mbostock}) has been already used, duplicate ignored

\AtBegShi@Output ...ipout \box \AtBeginShipoutBox 
                                                  \fi \fi 
l.267 \end{document}
                    pdfTeX warning (ext4): destination with the same identifier
 (name{cite.mbostock}) has been already used, duplicate ignored

\AtBegShi@Output ...ipout \box \AtBeginShipoutBox 
                                                  \fi \fi 
l.267 \end{document}
                     <./mds.png> <./explained-variance.png> <./average-inertia.
png>]
Package atveryend Info: Empty hook `AfterLastShipout' on input line 267.
 (report.aux)
Package atveryend Info: Executing hook `AtVeryEndDocument' on input line 267.
Package atveryend Info: Executing hook `AtEndAfterFileList' on input line 267.
Package rerunfilecheck Info: File `report.out' has not changed.
(rerunfilecheck)             Checksum: D15E5704B1F9FC8B16EAAE531811719D;827.


LaTeX Warning: There were multiply-defined labels.

Package atveryend Info: Empty hook `AtVeryVeryEnd' on input line 267.
 ) 
Here is how much of TeX's memory you used:
 5790 strings out of 492970
 88283 string characters out of 3124373
 184253 words of memory out of 3000000
 9506 multiletter control sequences out of 15000+200000
 42562 words of font info for 84 fonts, out of 3000000 for 9000
 1141 hyphenation exceptions out of 8191
 30i,8n,37p,855b,403s stack positions out of 5000i,500n,10000p,200000b,50000s
{D:/Users/Alessandro/AppData/Local/Programs/MiKTeX 2.9/fonts/enc/dvips/base/8
r.enc}<D:/Users/Alessandro/AppData/Local/Programs/MiKTeX 2.9/fonts/type1/public
/amsfonts/cm/cmmi10.pfb><D:/Users/Alessandro/AppData/Local/Programs/MiKTeX 2.9/
fonts/type1/public/amsfonts/cm/cmr10.pfb><D:/Users/Alessandro/AppData/Local/Pro
grams/MiKTeX 2.9/fonts/type1/public/amsfonts/cm/cmsy10.pfb><D:/Users/Alessandro
/AppData/Local/Programs/MiKTeX 2.9/fonts/type1/urw/courier/ucrr8a.pfb><D:/Users
/Alessandro/AppData/Local/Programs/MiKTeX 2.9/fonts/type1/urw/helvetic/uhvb8a.p
fb><D:/Users/Alessandro/AppData/Local/Programs/MiKTeX 2.9/fonts/type1/urw/helve
tic/uhvr8a.pfb><D:/Users/Alessandro/AppData/Local/Programs/MiKTeX 2.9/fonts/typ
e1/urw/times/utmr8a.pfb><D:/Users/Alessandro/AppData/Local/Programs/MiKTeX 2.9/
fonts/type1/urw/times/utmri8a.pfb>
Output written on report.pdf (4 pages, 299722 bytes).
PDF statistics:
 191 PDF objects out of 1000 (max. 8388607)
 71 named destinations out of 1000 (max. 500000)
 138 words of extra memory for PDF output out of 10000 (max. 10000000)

